<?xml version="1.0" encoding="UTF-8"?>
<testsuite xmlns:xsi="http://www.w3.org/2001/XMLSchema-instance" xsi:noNamespaceSchemaLocation="https://maven.apache.org/surefire/maven-surefire-plugin/xsd/surefire-test-report-3.0.xsd" version="3.0" name="runners.TestRunner" time="13.068" tests="12" errors="0" skipped="0" failures="0">
  <properties>
    <property name="java.specification.version" value="17"/>
    <property name="sun.cpu.isalist" value="amd64"/>
    <property name="sun.jnu.encoding" value="Cp1252"/>
    <property name="java.class.path" value="C:\Users\cpatil\eclipse-workspace\UserCreate\target\test-classes;C:\Users\cpatil\eclipse-workspace\UserCreate\target\classes;C:\Users\cpatil\.m2\repository\io\cucumber\cucumber-java\7.15.0\cucumber-java-7.15.0.jar;C:\Users\cpatil\.m2\repository\io\cucumber\cucumber-core\7.15.0\cucumber-core-7.15.0.jar;C:\Users\cpatil\.m2\repository\io\cucumber\cucumber-gherkin\7.15.0\cucumber-gherkin-7.15.0.jar;C:\Users\cpatil\.m2\repository\io\cucumber\cucumber-gherkin-messages\7.15.0\cucumber-gherkin-messages-7.15.0.jar;C:\Users\cpatil\.m2\repository\io\cucumber\gherkin\26.2.0\gherkin-26.2.0.jar;C:\Users\cpatil\.m2\repository\io\cucumber\messages\22.0.0\messages-22.0.0.jar;C:\Users\cpatil\.m2\repository\io\cucumber\tag-expressions\6.0.0\tag-expressions-6.0.0.jar;C:\Users\cpatil\.m2\repository\io\cucumber\cucumber-expressions\17.0.1\cucumber-expressions-17.0.1.jar;C:\Users\cpatil\.m2\repository\io\cucumber\datatable\7.15.0\datatable-7.15.0.jar;C:\Users\cpatil\.m2\repository\io\cucumber\cucumber-plugin\7.15.0\cucumber-plugin-7.15.0.jar;C:\Users\cpatil\.m2\repository\io\cucumber\docstring\7.15.0\docstring-7.15.0.jar;C:\Users\cpatil\.m2\repository\io\cucumber\html-formatter\20.4.0\html-formatter-20.4.0.jar;C:\Users\cpatil\.m2\repository\io\cucumber\junit-xml-formatter\0.2.0\junit-xml-formatter-0.2.0.jar;C:\Users\cpatil\.m2\repository\io\cucumber\ci-environment\10.0.0\ci-environment-10.0.0.jar;C:\Users\cpatil\.m2\repository\org\apiguardian\apiguardian-api\1.1.2\apiguardian-api-1.1.2.jar;C:\Users\cpatil\.m2\repository\io\cucumber\cucumber-junit\7.15.0\cucumber-junit-7.15.0.jar;C:\Users\cpatil\.m2\repository\junit\junit\4.13.2\junit-4.13.2.jar;C:\Users\cpatil\.m2\repository\org\hamcrest\hamcrest-core\1.3\hamcrest-core-1.3.jar;C:\Users\cpatil\.m2\repository\io\rest-assured\rest-assured\5.3.2\rest-assured-5.3.2.jar;C:\Users\cpatil\.m2\repository\org\apache\groovy\groovy\4.0.11\groovy-4.0.11.jar;C:\Users\cpatil\.m2\repository\org\apache\groovy\groovy-xml\4.0.11\groovy-xml-4.0.11.jar;C:\Users\cpatil\.m2\repository\org\apache\httpcomponents\httpclient\4.5.13\httpclient-4.5.13.jar;C:\Users\cpatil\.m2\repository\org\apache\httpcomponents\httpcore\4.4.13\httpcore-4.4.13.jar;C:\Users\cpatil\.m2\repository\commons-logging\commons-logging\1.2\commons-logging-1.2.jar;C:\Users\cpatil\.m2\repository\commons-codec\commons-codec\1.11\commons-codec-1.11.jar;C:\Users\cpatil\.m2\repository\org\apache\httpcomponents\httpmime\4.5.13\httpmime-4.5.13.jar;C:\Users\cpatil\.m2\repository\org\hamcrest\hamcrest\2.2\hamcrest-2.2.jar;C:\Users\cpatil\.m2\repository\org\ccil\cowan\tagsoup\tagsoup\1.2.1\tagsoup-1.2.1.jar;C:\Users\cpatil\.m2\repository\io\rest-assured\json-path\5.3.2\json-path-5.3.2.jar;C:\Users\cpatil\.m2\repository\org\apache\groovy\groovy-json\4.0.11\groovy-json-4.0.11.jar;C:\Users\cpatil\.m2\repository\io\rest-assured\rest-assured-common\5.3.2\rest-assured-common-5.3.2.jar;C:\Users\cpatil\.m2\repository\io\rest-assured\xml-path\5.3.2\xml-path-5.3.2.jar;C:\Users\cpatil\.m2\repository\org\apache\commons\commons-lang3\3.11\commons-lang3-3.11.jar;C:\Users\cpatil\.m2\repository\com\aventstack\extentreports\5.0.9\extentreports-5.0.9.jar;C:\Users\cpatil\.m2\repository\io\reactivex\rxjava3\rxjava\3.0.4\rxjava-3.0.4.jar;C:\Users\cpatil\.m2\repository\org\reactivestreams\reactive-streams\1.0.3\reactive-streams-1.0.3.jar;C:\Users\cpatil\.m2\repository\org\freemarker\freemarker\2.3.30\freemarker-2.3.30.jar;C:\Users\cpatil\.m2\repository\com\google\code\gson\gson\2.8.6\gson-2.8.6.jar;C:\Users\cpatil\.m2\repository\org\projectlombok\lombok\1.18.32\lombok-1.18.32.jar;"/>
    <property name="java.vm.vendor" value="Oracle Corporation"/>
    <property name="sun.arch.data.model" value="64"/>
    <property name="user.variant" value=""/>
    <property name="java.vendor.url" value="https://java.oracle.com/"/>
    <property name="user.timezone" value="Asia/Calcutta"/>
    <property name="os.name" value="Windows 11"/>
    <property name="java.vm.specification.version" value="17"/>
    <property name="sun.java.launcher" value="SUN_STANDARD"/>
    <property name="user.country" value="US"/>
    <property name="sun.boot.library.path" value="C:\Program Files\Java\jdk-17\bin"/>
    <property name="sun.java.command" value="C:\Users\cpatil\AppData\Local\Temp\surefire18085374832997504191\surefirebooter-20250909130511137_3.jar C:\Users\cpatil\AppData\Local\Temp\surefire18085374832997504191 2025-09-09T13-05-10_457-jvmRun1 surefire-20250909130511137_1tmp surefire_0-20250909130511137_2tmp"/>
    <property name="jdk.debug" value="release"/>
    <property name="surefire.test.class.path" value="C:\Users\cpatil\eclipse-workspace\UserCreate\target\test-classes;C:\Users\cpatil\eclipse-workspace\UserCreate\target\classes;C:\Users\cpatil\.m2\repository\io\cucumber\cucumber-java\7.15.0\cucumber-java-7.15.0.jar;C:\Users\cpatil\.m2\repository\io\cucumber\cucumber-core\7.15.0\cucumber-core-7.15.0.jar;C:\Users\cpatil\.m2\repository\io\cucumber\cucumber-gherkin\7.15.0\cucumber-gherkin-7.15.0.jar;C:\Users\cpatil\.m2\repository\io\cucumber\cucumber-gherkin-messages\7.15.0\cucumber-gherkin-messages-7.15.0.jar;C:\Users\cpatil\.m2\repository\io\cucumber\gherkin\26.2.0\gherkin-26.2.0.jar;C:\Users\cpatil\.m2\repository\io\cucumber\messages\22.0.0\messages-22.0.0.jar;C:\Users\cpatil\.m2\repository\io\cucumber\tag-expressions\6.0.0\tag-expressions-6.0.0.jar;C:\Users\cpatil\.m2\repository\io\cucumber\cucumber-expressions\17.0.1\cucumber-expressions-17.0.1.jar;C:\Users\cpatil\.m2\repository\io\cucumber\datatable\7.15.0\datatable-7.15.0.jar;C:\Users\cpatil\.m2\repository\io\cucumber\cucumber-plugin\7.15.0\cucumber-plugin-7.15.0.jar;C:\Users\cpatil\.m2\repository\io\cucumber\docstring\7.15.0\docstring-7.15.0.jar;C:\Users\cpatil\.m2\repository\io\cucumber\html-formatter\20.4.0\html-formatter-20.4.0.jar;C:\Users\cpatil\.m2\repository\io\cucumber\junit-xml-formatter\0.2.0\junit-xml-formatter-0.2.0.jar;C:\Users\cpatil\.m2\repository\io\cucumber\ci-environment\10.0.0\ci-environment-10.0.0.jar;C:\Users\cpatil\.m2\repository\org\apiguardian\apiguardian-api\1.1.2\apiguardian-api-1.1.2.jar;C:\Users\cpatil\.m2\repository\io\cucumber\cucumber-junit\7.15.0\cucumber-junit-7.15.0.jar;C:\Users\cpatil\.m2\repository\junit\junit\4.13.2\junit-4.13.2.jar;C:\Users\cpatil\.m2\repository\org\hamcrest\hamcrest-core\1.3\hamcrest-core-1.3.jar;C:\Users\cpatil\.m2\repository\io\rest-assured\rest-assured\5.3.2\rest-assured-5.3.2.jar;C:\Users\cpatil\.m2\repository\org\apache\groovy\groovy\4.0.11\groovy-4.0.11.jar;C:\Users\cpatil\.m2\repository\org\apache\groovy\groovy-xml\4.0.11\groovy-xml-4.0.11.jar;C:\Users\cpatil\.m2\repository\org\apache\httpcomponents\httpclient\4.5.13\httpclient-4.5.13.jar;C:\Users\cpatil\.m2\repository\org\apache\httpcomponents\httpcore\4.4.13\httpcore-4.4.13.jar;C:\Users\cpatil\.m2\repository\commons-logging\commons-logging\1.2\commons-logging-1.2.jar;C:\Users\cpatil\.m2\repository\commons-codec\commons-codec\1.11\commons-codec-1.11.jar;C:\Users\cpatil\.m2\repository\org\apache\httpcomponents\httpmime\4.5.13\httpmime-4.5.13.jar;C:\Users\cpatil\.m2\repository\org\hamcrest\hamcrest\2.2\hamcrest-2.2.jar;C:\Users\cpatil\.m2\repository\org\ccil\cowan\tagsoup\tagsoup\1.2.1\tagsoup-1.2.1.jar;C:\Users\cpatil\.m2\repository\io\rest-assured\json-path\5.3.2\json-path-5.3.2.jar;C:\Users\cpatil\.m2\repository\org\apache\groovy\groovy-json\4.0.11\groovy-json-4.0.11.jar;C:\Users\cpatil\.m2\repository\io\rest-assured\rest-assured-common\5.3.2\rest-assured-common-5.3.2.jar;C:\Users\cpatil\.m2\repository\io\rest-assured\xml-path\5.3.2\xml-path-5.3.2.jar;C:\Users\cpatil\.m2\repository\org\apache\commons\commons-lang3\3.11\commons-lang3-3.11.jar;C:\Users\cpatil\.m2\repository\com\aventstack\extentreports\5.0.9\extentreports-5.0.9.jar;C:\Users\cpatil\.m2\repository\io\reactivex\rxjava3\rxjava\3.0.4\rxjava-3.0.4.jar;C:\Users\cpatil\.m2\repository\org\reactivestreams\reactive-streams\1.0.3\reactive-streams-1.0.3.jar;C:\Users\cpatil\.m2\repository\org\freemarker\freemarker\2.3.30\freemarker-2.3.30.jar;C:\Users\cpatil\.m2\repository\com\google\code\gson\gson\2.8.6\gson-2.8.6.jar;C:\Users\cpatil\.m2\repository\org\projectlombok\lombok\1.18.32\lombok-1.18.32.jar;"/>
    <property name="sun.cpu.endian" value="little"/>
    <property name="user.home" value="C:\Users\cpatil"/>
    <property name="user.language" value="en"/>
    <property name="java.specification.vendor" value="Oracle Corporation"/>
    <property name="java.version.date" value="2024-07-16"/>
    <property name="java.home" value="C:\Program Files\Java\jdk-17"/>
    <property name="file.separator" value="\"/>
    <property name="basedir" value="C:\Users\cpatil\eclipse-workspace\UserCreate"/>
    <property name="java.vm.compressedOopsMode" value="Zero based"/>
    <property name="line.separator" value="&#10;"/>
    <property name="java.vm.specification.vendor" value="Oracle Corporation"/>
    <property name="java.specification.name" value="Java Platform API Specification"/>
    <property name="surefire.real.class.path" value="C:\Users\cpatil\AppData\Local\Temp\surefire18085374832997504191\surefirebooter-20250909130511137_3.jar"/>
    <property name="user.script" value=""/>
    <property name="sun.management.compiler" value="HotSpot 64-Bit Tiered Compilers"/>
    <property name="java.runtime.version" value="17.0.12+8-LTS-286"/>
    <property name="user.name" value="cpatil"/>
    <property name="path.separator" value=";"/>
    <property name="os.version" value="10.0"/>
    <property name="java.runtime.name" value="Java(TM) SE Runtime Environment"/>
    <property name="file.encoding" value="Cp1252"/>
    <property name="java.vm.name" value="Java HotSpot(TM) 64-Bit Server VM"/>
    <property name="localRepository" value="C:\Users\cpatil\.m2\repository"/>
    <property name="java.vendor.url.bug" value="https://bugreport.java.com/bugreport/"/>
    <property name="java.io.tmpdir" value="C:\Users\cpatil\AppData\Local\Temp\"/>
    <property name="java.version" value="17.0.12"/>
    <property name="user.dir" value="C:\Users\cpatil\eclipse-workspace\UserCreate"/>
    <property name="os.arch" value="amd64"/>
    <property name="java.vm.specification.name" value="Java Virtual Machine Specification"/>
    <property name="sun.os.patch.level" value=""/>
    <property name="native.encoding" value="Cp1252"/>
    <property name="java.library.path" value="C:\Program Files\Java\jdk-17\bin;C:\WINDOWS\Sun\Java\bin;C:\WINDOWS\system32;C:\WINDOWS;C:\Program Files\Common Files\Oracle\Java\javapath;C:\WINDOWS\system32;C:\WINDOWS;C:\WINDOWS\System32\Wbem;C:\WINDOWS\System32\WindowsPowerShell\v1.0\;C:\WINDOWS\System32\OpenSSH\;C:\Users\cpatil\Downloads\apache-maven-3.9.11-bin\apache-maven-3.9.11\bin;C:\Program Files\nodejs\;C:\Program Files\PuTTY\;C:\Program Files\Java\jdk-17\bin;C:\Users\cpatil\Downloads\allure-2.35.1\allure-2.35.1\bin;C:\Users\cpatil\AppData\Local\Programs\Eclipse Adoptium\jdk-21.0.8.9-hotspot\bin;C:\Users\cpatil\AppData\Local\Microsoft\WindowsApps;C:\Users\cpatil\AppData\Roaming\npm;C:\Users\cpatil\AppData\Local\Programs\Microsoft VS Code\bin;C:\Program Files\Java\jdk-17;;."/>
    <property name="java.vm.info" value="mixed mode, sharing"/>
    <property name="java.vendor" value="Oracle Corporation"/>
    <property name="java.vm.version" value="17.0.12+8-LTS-286"/>
    <property name="sun.io.unicode.encoding" value="UnicodeLittle"/>
    <property name="java.class.version" value="61.0"/>
  </properties>
  <testcase name="Create a new book" classname="Books API Testing" time="3.77">
    <system-out><![CDATA[
@BookAPI
Scenario: Create a new book                        &amp#27;[90m# src/test/resources/features/book_api.feature:7&amp#27;[0m
[ExtentListener] Creating feature node: book_api
[ExtentListener] Started scenario: Create a new book (feature: book_api)
Book JSON:
{
  "title": "Mystic of Echoes",
  "author": "Arjun Menon",
  "genre": "Romance",
  "available": true,
  "publishedYear": 2003
}
  &amp#27;[32mGiven &amp#27;[0m&amp#27;[32mI have a random book payload&amp#27;[0m               &amp#27;[90m# library.BookAPI.i_have_a_random_book_payload()&amp#27;[0m
Response Body:
{
  "id" : 35,
  "bookId" : 35,
  "author" : "Arjun Menon",
  "genre" : "Romance",
  "available" : true,
  "publishedYear" : 2003,
  "title" : "Mystic of Echoes",
  "_links" : {
    "self" : {
      "href" : "http://10.10.2.73:8080/books/35"
    },
    "book" : {
      "href" : "http://10.10.2.73:8080/books/35"
    }
  }
}
Status Code: 201
Stored Book ID: 35
  &amp#27;[32mWhen &amp#27;[0m&amp#27;[32mCreate Book Request&amp#27;[0m                         &amp#27;[90m# library.BookAPI.Create_Book_Request()&amp#27;[0m
  &amp#27;[32mThen &amp#27;[0m&amp#27;[32mthe Book response status code should be &amp#27;[0m&amp#27;[32m&amp#27;[1m201&amp#27;[0m &amp#27;[90m# library.BookAPI.the_response_status_code_should_be(java.lang.Integer)&amp#27;[0m
  &amp#27;[32mAnd &amp#27;[0m&amp#27;[32mthe Book response should contain &amp#27;[0m&amp#27;[32m&amp#27;[1m"id"&amp#27;[0m        &amp#27;[90m# library.BookAPI.the_response_should_contain(java.lang.String)&amp#27;[0m
[ExtentListener] Finished scenario: Create a new book
]]></system-out>
  </testcase>
  <testcase name="Get all Books" classname="Books API Testing" time="0.832">
    <system-out><![CDATA[
@BookAPI
Scenario: Get all Books                            &amp#27;[90m# src/test/resources/features/book_api.feature:15&amp#27;[0m
[ExtentListener] Started scenario: Get all Books (feature: book_api)
Response Body:
{
  "_embedded" : {
    "books" : [ {
      "id" : 2,
      "bookId" : 2,
      "author" : "Arjun Das",
      "genre" : "Mystery",
      "available" : false,
      "publishedYear" : 1998,
      "title" : "Hidden of Journey",
      "_links" : {
        "self" : {
          "href" : "http://10.10.2.73:8080/books/2"
        },
        "book" : {
          "href" : "http://10.10.2.73:8080/books/2"
        }
      }
    }, {
      "id" : 3,
      "bookId" : 3,
      "author" : "Leena Iyer",
      "genre" : "Mystery",
      "available" : true,
      "publishedYear" : 1922,
      "title" : "Hidden of World",
      "_links" : {
        "self" : {
          "href" : "http://10.10.2.73:8080/books/3"
        },
        "book" : {
          "href" : "http://10.10.2.73:8080/books/3"
        }
      }
    }, {
      "id" : 4,
      "bookId" : 4,
      "author" : "Anika Singh",
      "genre" : "Science Fiction",
      "available" : false,
      "publishedYear" : 1941,
      "title" : "Mystic of Echoes",
      "_links" : {
        "self" : {
          "href" : "http://10.10.2.73:8080/books/4"
        },
        "book" : {
          "href" : "http://10.10.2.73:8080/books/4"
        }
      }
    }, {
      "id" : 5,
      "bookId" : 5,
      "author" : "Rohan Menon",
      "genre" : "Historical",
      "available" : false,
      "publishedYear" : 1983,
      "title" : "Ancient of Dreams",
      "_links" : {
        "self" : {
          "href" : "http://10.10.2.73:8080/books/5"
        },
        "book" : {
          "href" : "http://10.10.2.73:8080/books/5"
        }
      }
    }, {
      "id" : 8,
      "bookId" : 8,
      "author" : "Ananya Kulkarni",
      "genre" : "Mystery",
      "available" : false,
      "publishedYear" : 8102,
      "title" : "The Lost Dimension",
      "_links" : {
        "self" : {
          "href" : "http://10.10.2.73:8080/books/8"
        },
        "book" : {
          "href" : "http://10.10.2.73:8080/books/8"
        }
      }
    }, {
      "id" : 10,
      "bookId" : 10,
      "author" : "Ananya Kulkarni",
      "genre" : "Mystery",
      "available" : false,
      "publishedYear" : 8102,
      "title" : "The Lost Dimension",
      "_links" : {
        "self" : {
          "href" : "http://10.10.2.73:8080/books/10"
        },
        "book" : {
          "href" : "http://10.10.2.73:8080/books/10"
        }
      }
    }, {
      "id" : 12,
      "bookId" : 12,
      "author" : "Ananya Kulkarni",
      "genre" : "Mystery",
      "available" : false,
      "publishedYear" : 8102,
      "title" : "The Lost Dimension",
      "_links" : {
        "self" : {
          "href" : "http://10.10.2.73:8080/books/12"
        },
        "book" : {
          "href" : "http://10.10.2.73:8080/books/12"
        }
      }
    }, {
      "id" : 15,
      "bookId" : 15,
      "author" : "string",
      "genre" : "string",
      "available" : true,
      "publishedYear" : 0,
      "title" : "string",
      "_links" : {
        "self" : {
          "href" : "http://10.10.2.73:8080/books/15"
        },
        "book" : {
          "href" : "http://10.10.2.73:8080/books/15"
        }
      }
    }, {
      "id" : 19,
      "bookId" : 19,
      "author" : "Meera Menon",
      "genre" : "Fantasy",
      "available" : true,
      "publishedYear" : 1992,
      "title" : "Lost of Journey",
      "_links" : {
        "self" : {
          "href" : "http://10.10.2.73:8080/books/19"
        },
        "book" : {
          "href" : "http://10.10.2.73:8080/books/19"
        }
      }
    }, {
      "id" : 23,
      "bookId" : 23,
      "author" : "Meera Nair",
      "genre" : "Thriller",
      "available" : true,
      "publishedYear" : 1923,
      "title" : "Forgotten of Path",
      "_links" : {
        "self" : {
          "href" : "http://10.10.2.73:8080/books/23"
        },
        "book" : {
          "href" : "http://10.10.2.73:8080/books/23"
        }
      }
    }, {
      "id" : 24,
      "bookId" : 24,
      "author" : "Rohan Nair",
      "genre" : "Romance",
      "available" : false,
      "publishedYear" : 2003,
      "title" : "Lost of Dreams",
      "_links" : {
        "self" : {
          "href" : "http://10.10.2.73:8080/books/24"
        },
        "book" : {
          "href" : "http://10.10.2.73:8080/books/24"
        }
      }
    }, {
      "id" : 35,
      "bookId" : 35,
      "author" : "Arjun Menon",
      "genre" : "Romance",
      "available" : true,
      "publishedYear" : 2003,
      "title" : "Mystic of Echoes",
      "_links" : {
        "self" : {
          "href" : "http://10.10.2.73:8080/books/35"
        },
        "book" : {
          "href" : "http://10.10.2.73:8080/books/35"
        }
      }
    } ]
  },
  "_links" : {
    "self" : {
      "href" : "http://10.10.2.73:8080/books?page=0&size=20"
    },
    "profile" : {
      "href" : "http://10.10.2.73:8080/profile/books"
    }
  },
  "page" : {
    "size" : 20,
    "totalElements" : 12,
    "totalPages" : 1,
    "number" : 0
  }
}
Status Code: 200
  &amp#27;[32mWhen &amp#27;[0m&amp#27;[32mFetch All Books Details&amp#27;[0m                     &amp#27;[90m# library.BookAPI.FetchAll_Books_Details()&amp#27;[0m
  &amp#27;[32mThen &amp#27;[0m&amp#27;[32mthe Book response status code should be &amp#27;[0m&amp#27;[32m&amp#27;[1m200&amp#27;[0m &amp#27;[90m# library.BookAPI.the_response_status_code_should_be(java.lang.Integer)&amp#27;[0m
[ExtentListener] Finished scenario: Get all Books
]]></system-out>
  </testcase>
  <testcase name="Get Book Details with ID" classname="Books API Testing" time="0.753">
    <system-out><![CDATA[
@BookAPI
Scenario: Get Book Details with ID                 &amp#27;[90m# src/test/resources/features/book_api.feature:21&amp#27;[0m
[ExtentListener] Started scenario: Get Book Details with ID (feature: book_api)
Response Body:
{
  "id" : 35,
  "bookId" : 35,
  "author" : "Arjun Menon",
  "genre" : "Romance",
  "available" : true,
  "publishedYear" : 2003,
  "title" : "Mystic of Echoes",
  "_links" : {
    "self" : {
      "href" : "http://10.10.2.73:8080/books/35"
    },
    "book" : {
      "href" : "http://10.10.2.73:8080/books/35"
    }
  }
}
Status Code: 200
  &amp#27;[32mWhen &amp#27;[0m&amp#27;[32mFetch Book Details with ID&amp#27;[0m                  &amp#27;[90m# library.BookAPI.Fetch_Book_Details_with_ID()&amp#27;[0m
  &amp#27;[32mThen &amp#27;[0m&amp#27;[32mthe Book response status code should be &amp#27;[0m&amp#27;[32m&amp#27;[1m200&amp#27;[0m &amp#27;[90m# library.BookAPI.the_response_status_code_should_be(java.lang.Integer)&amp#27;[0m
[ExtentListener] Finished scenario: Get Book Details with ID
]]></system-out>
  </testcase>
  <testcase name="Updating Put Book details" classname="Books API Testing" time="0.788">
    <system-out><![CDATA[
@BookAPI
Scenario: Updating Put Book details                &amp#27;[90m# src/test/resources/features/book_api.feature:27&amp#27;[0m
[ExtentListener] Started scenario: Updating Put Book details (feature: book_api)
PUT Response Body:
{
  "id" : 35,
  "bookId" : 35,
  "author" : "Karan Sharma",
  "genre" : "Historical",
  "available" : true,
  "publishedYear" : 1902,
  "title" : "Forgotten of Dreams",
  "_links" : {
    "self" : {
      "href" : "http://10.10.2.73:8080/books/35"
    },
    "book" : {
      "href" : "http://10.10.2.73:8080/books/35"
    }
  }
}
Status Code: 200
  &amp#27;[32mWhen &amp#27;[0m&amp#27;[32mUpdate Book Request&amp#27;[0m                         &amp#27;[90m# library.BookAPI.Update_Book_Request()&amp#27;[0m
  &amp#27;[32mThen &amp#27;[0m&amp#27;[32mthe Book response status code should be &amp#27;[0m&amp#27;[32m&amp#27;[1m200&amp#27;[0m &amp#27;[90m# library.BookAPI.the_response_status_code_should_be(java.lang.Integer)&amp#27;[0m
[ExtentListener] Finished scenario: Updating Put Book details
]]></system-out>
  </testcase>
  <testcase name="Updating Patch Book Request" classname="Books API Testing" time="0.764">
    <system-out><![CDATA[
@BookAPI
Scenario: Updating Patch Book Request              &amp#27;[90m# src/test/resources/features/book_api.feature:33&amp#27;[0m
[ExtentListener] Started scenario: Updating Patch Book Request (feature: book_api)
PATCH Request Body:
{ "title": "Mystic of Destiny" }
PATCH Response Body:
{
  "id" : 35,
  "bookId" : 35,
  "author" : "Karan Sharma",
  "genre" : "Historical",
  "available" : true,
  "publishedYear" : 1902,
  "title" : "Mystic of Destiny",
  "_links" : {
    "self" : {
      "href" : "http://10.10.2.73:8080/books/35"
    },
    "book" : {
      "href" : "http://10.10.2.73:8080/books/35"
    }
  }
}
Status Code: 200
  &amp#27;[32mWhen &amp#27;[0m&amp#27;[32mUpdate Patch Book Request&amp#27;[0m                   &amp#27;[90m# library.BookAPI.Update_Patch_Book_Request()&amp#27;[0m
  &amp#27;[32mThen &amp#27;[0m&amp#27;[32mthe Book response status code should be &amp#27;[0m&amp#27;[32m&amp#27;[1m200&amp#27;[0m &amp#27;[90m# library.BookAPI.the_response_status_code_should_be(java.lang.Integer)&amp#27;[0m
[ExtentListener] Finished scenario: Updating Patch Book Request
]]></system-out>
  </testcase>
  <testcase name="Deleting Book Details" classname="Books API Testing" time="0.779">
    <system-out><![CDATA[
@BookAPI
Scenario: Deleting Book Details                    &amp#27;[90m# src/test/resources/features/book_api.feature:39&amp#27;[0m
[ExtentListener] Started scenario: Deleting Book Details (feature: book_api)
Delete Response Body:
{
  "id" : 35,
  "bookId" : 35,
  "author" : "Karan Sharma",
  "genre" : "Historical",
  "available" : true,
  "publishedYear" : 1902,
  "title" : "Mystic of Destiny",
  "_links" : {
    "self" : {
      "href" : "http://10.10.2.73:8080/books/35"
    },
    "book" : {
      "href" : "http://10.10.2.73:8080/books/35"
    }
  }
}
Delete Status Code: 200
  &amp#27;[32mWhen &amp#27;[0m&amp#27;[32mDelete Book with ID&amp#27;[0m                         &amp#27;[90m# library.BookAPI.delete_Book_with_ID()&amp#27;[0m
  &amp#27;[32mThen &amp#27;[0m&amp#27;[32mthe Book response status code should be &amp#27;[0m&amp#27;[32m&amp#27;[1m200&amp#27;[0m &amp#27;[90m# library.BookAPI.the_response_status_code_should_be(java.lang.Integer)&amp#27;[0m
[ExtentListener] Finished scenario: Deleting Book Details
]]></system-out>
  </testcase>
  <testcase name="Create a new Library" classname="Libraries API Testing" time="0.732">
    <system-out><![CDATA[
@Libraries
Scenario: Create a new Library                &amp#27;[90m# src/test/resources/features/libraries.feature:7&amp#27;[0m
[ExtentListener] Creating feature node: libraries
[ExtentListener] Started scenario: Create a new Library (feature: libraries)
Library JSON:
{
  "libraryName": "Spring Lake Archive",
  "createdDate": "2025-09-09T13:05:20.025+05:30",
  "location": "SunBay"
}
  &amp#27;[32mGiven &amp#27;[0m&amp#27;[32mI have a random library payload&amp#27;[0m       &amp#27;[90m# library.LibrariesAPI.i_have_a_random_library_payload()&amp#27;[0m
Response Body:
{
  "id" : 31,
  "libraryId" : 31,
  "libraryName" : "Spring Lake Archive",
  "createdDate" : "2025-09-09T07:35:20.555+00:00",
  "location" : "SunBay",
  "_links" : {
    "self" : {
      "href" : "http://10.10.2.73:8080/libraries/31"
    },
    "library" : {
      "href" : "http://10.10.2.73:8080/libraries/31"
    }
  }
}
Status Code: 201
Stored Library ID: 31
  &amp#27;[32mWhen &amp#27;[0m&amp#27;[32mCreate Library Request&amp#27;[0m                 &amp#27;[90m# library.LibrariesAPI.Create_library_Request()&amp#27;[0m
  &amp#27;[32mThen &amp#27;[0m&amp#27;[32mthe response status code should be &amp#27;[0m&amp#27;[32m&amp#27;[1m201&amp#27;[0m &amp#27;[90m# library.LibrariesAPI.the_response_status_code_should_be(java.lang.Integer)&amp#27;[0m
  &amp#27;[32mAnd &amp#27;[0m&amp#27;[32mthe response should contain &amp#27;[0m&amp#27;[32m&amp#27;[1m"id"&amp#27;[0m        &amp#27;[90m# library.LibrariesAPI.the_response_should_contain(java.lang.String)&amp#27;[0m
[ExtentListener] Finished scenario: Create a new Library
]]></system-out>
  </testcase>
  <testcase name="Get all Libraries" classname="Libraries API Testing" time="0.746">
    <system-out><![CDATA[
@Libraries
Scenario: Get all Libraries                   &amp#27;[90m# src/test/resources/features/libraries.feature:16&amp#27;[0m
[ExtentListener] Started scenario: Get all Libraries (feature: libraries)
Response Body:
{
  "_embedded" : {
    "libraries" : [ {
      "id" : 1,
      "libraryId" : 1,
      "libraryName" : "string",
      "createdDate" : "2025-09-03T17:54:16.969+00:00",
      "location" : "string",
      "_links" : {
        "self" : {
          "href" : "http://10.10.2.73:8080/libraries/1"
        },
        "library" : {
          "href" : "http://10.10.2.73:8080/libraries/1"
        }
      }
    }, {
      "id" : 2,
      "libraryId" : 2,
      "libraryName" : "Hilltop Community Library",
      "createdDate" : "2025-09-04T10:59:55.318+00:00",
      "location" : "London, UK",
      "_links" : {
        "self" : {
          "href" : "http://10.10.2.73:8080/libraries/2"
        },
        "library" : {
          "href" : "http://10.10.2.73:8080/libraries/2"
        }
      }
    }, {
      "id" : 3,
      "libraryId" : 3,
      "libraryName" : "Downtown City Library",
      "createdDate" : "2025-09-04T11:00:29.570+00:00",
      "location" : "London, UK",
      "_links" : {
        "self" : {
          "href" : "http://10.10.2.73:8080/libraries/3"
        },
        "library" : {
          "href" : "http://10.10.2.73:8080/libraries/3"
        }
      }
    }, {
      "id" : 4,
      "libraryId" : 4,
      "libraryName" : "Greenwood Knowledge Center",
      "createdDate" : "2025-09-08T05:50:49.992+00:00",
      "location" : "Sydney, Australia",
      "_links" : {
        "self" : {
          "href" : "http://10.10.2.73:8080/libraries/4"
        },
        "library" : {
          "href" : "http://10.10.2.73:8080/libraries/4"
        }
      }
    }, {
      "id" : 5,
      "libraryId" : 5,
      "libraryName" : "Central City Library",
      "createdDate" : "2025-09-08T06:18:57.148+00:00",
      "location" : "New York, USA",
      "_links" : {
        "self" : {
          "href" : "http://10.10.2.73:8080/libraries/5"
        },
        "library" : {
          "href" : "http://10.10.2.73:8080/libraries/5"
        }
      }
    }, {
      "id" : 6,
      "libraryId" : 6,
      "libraryName" : "Riverside Public Library",
      "createdDate" : "2025-09-08T06:21:41.940+00:00",
      "location" : "Bangalore, India",
      "_links" : {
        "self" : {
          "href" : "http://10.10.2.73:8080/libraries/6"
        },
        "library" : {
          "href" : "http://10.10.2.73:8080/libraries/6"
        }
      }
    }, {
      "id" : 31,
      "libraryId" : 31,
      "libraryName" : "Spring Lake Archive",
      "createdDate" : "2025-09-09T07:35:20.555+00:00",
      "location" : "SunBay",
      "_links" : {
        "self" : {
          "href" : "http://10.10.2.73:8080/libraries/31"
        },
        "library" : {
          "href" : "http://10.10.2.73:8080/libraries/31"
        }
      }
    } ]
  },
  "_links" : {
    "self" : {
      "href" : "http://10.10.2.73:8080/libraries?page=0&size=20"
    },
    "profile" : {
      "href" : "http://10.10.2.73:8080/profile/libraries"
    }
  },
  "page" : {
    "size" : 20,
    "totalElements" : 7,
    "totalPages" : 1,
    "number" : 0
  }
}
Status Code: 200
  &amp#27;[32mWhen &amp#27;[0m&amp#27;[32mFetch All Libraries Details&amp#27;[0m            &amp#27;[90m# library.LibrariesAPI.FetchAll_Libraries_Details()&amp#27;[0m
  &amp#27;[32mThen &amp#27;[0m&amp#27;[32mthe response status code should be &amp#27;[0m&amp#27;[32m&amp#27;[1m200&amp#27;[0m &amp#27;[90m# library.LibrariesAPI.the_response_status_code_should_be(java.lang.Integer)&amp#27;[0m
[ExtentListener] Finished scenario: Get all Libraries
]]></system-out>
  </testcase>
  <testcase name="Get Library Details with ID" classname="Libraries API Testing" time="0.761">
    <system-out><![CDATA[
@Libraries
Scenario: Get Library Details with ID         &amp#27;[90m# src/test/resources/features/libraries.feature:22&amp#27;[0m
[ExtentListener] Started scenario: Get Library Details with ID (feature: libraries)
Response Body:
{
  "id" : 31,
  "libraryId" : 31,
  "libraryName" : "Spring Lake Archive",
  "createdDate" : "2025-09-09T07:35:20.555+00:00",
  "location" : "SunBay",
  "_links" : {
    "self" : {
      "href" : "http://10.10.2.73:8080/libraries/31"
    },
    "library" : {
      "href" : "http://10.10.2.73:8080/libraries/31"
    }
  }
}
Status Code: 200
  &amp#27;[32mWhen &amp#27;[0m&amp#27;[32mFetch Library Details with ID&amp#27;[0m          &amp#27;[90m# library.LibrariesAPI.Fetch_Lirary_Details_with_ID()&amp#27;[0m
  &amp#27;[32mThen &amp#27;[0m&amp#27;[32mthe response status code should be &amp#27;[0m&amp#27;[32m&amp#27;[1m200&amp#27;[0m &amp#27;[90m# library.LibrariesAPI.the_response_status_code_should_be(java.lang.Integer)&amp#27;[0m
[ExtentListener] Finished scenario: Get Library Details with ID
]]></system-out>
  </testcase>
  <testcase name="Updating Put Library details" classname="Libraries API Testing" time="0.763">
    <system-out><![CDATA[
@Libraries
Scenario: Updating Put Library details        &amp#27;[90m# src/test/resources/features/libraries.feature:28&amp#27;[0m
[ExtentListener] Started scenario: Updating Put Library details (feature: libraries)
PUT Response Body:
{
  "id" : 31,
  "libraryId" : 31,
  "libraryName" : "Green River Archive",
  "createdDate" : "2025-09-09T07:35:20.555+00:00",
  "location" : "Mapletown",
  "_links" : {
    "self" : {
      "href" : "http://10.10.2.73:8080/libraries/31"
    },
    "library" : {
      "href" : "http://10.10.2.73:8080/libraries/31"
    }
  }
}
Status Code: 200
  &amp#27;[32mWhen &amp#27;[0m&amp#27;[32mUpdate Library Request&amp#27;[0m                 &amp#27;[90m# library.LibrariesAPI.Update_library_Request()&amp#27;[0m
  &amp#27;[32mThen &amp#27;[0m&amp#27;[32mthe response status code should be &amp#27;[0m&amp#27;[32m&amp#27;[1m200&amp#27;[0m &amp#27;[90m# library.LibrariesAPI.the_response_status_code_should_be(java.lang.Integer)&amp#27;[0m
[ExtentListener] Finished scenario: Updating Put Library details
]]></system-out>
  </testcase>
  <testcase name="Updating Patch Library details" classname="Libraries API Testing" time="0.738">
    <system-out><![CDATA[
@Libraries
Scenario: Updating Patch Library details      &amp#27;[90m# src/test/resources/features/libraries.feature:32&amp#27;[0m
[ExtentListener] Started scenario: Updating Patch Library details (feature: libraries)
PATCH Request Body:
{ "libraryName": "Pine Green Hall" }
PATCH Response Body:
{
  "id" : 31,
  "libraryId" : 31,
  "libraryName" : "Pine Green Hall",
  "createdDate" : "2025-09-09T07:35:20.555+00:00",
  "location" : "Mapletown",
  "_links" : {
    "self" : {
      "href" : "http://10.10.2.73:8080/libraries/31"
    },
    "library" : {
      "href" : "http://10.10.2.73:8080/libraries/31"
    }
  }
}
Status Code: 200
  &amp#27;[32mWhen &amp#27;[0m&amp#27;[32mUpdate Patch Library Request&amp#27;[0m           &amp#27;[90m# library.LibrariesAPI.Update_Patch_Library_Request()&amp#27;[0m
  &amp#27;[32mThen &amp#27;[0m&amp#27;[32mthe response status code should be &amp#27;[0m&amp#27;[32m&amp#27;[1m200&amp#27;[0m &amp#27;[90m# library.LibrariesAPI.the_response_status_code_should_be(java.lang.Integer)&amp#27;[0m
[ExtentListener] Finished scenario: Updating Patch Library details
]]></system-out>
  </testcase>
  <testcase name="Deleting Library details" classname="Libraries API Testing" time="0.78">
    <system-out><![CDATA[
@Libraries
Scenario: Deleting Library details            &amp#27;[90m# src/test/resources/features/libraries.feature:36&amp#27;[0m
[ExtentListener] Started scenario: Deleting Library details (feature: libraries)
Delete Response Body:
{
  "id" : 31,
  "libraryId" : 31,
  "libraryName" : "Pine Green Hall",
  "createdDate" : "2025-09-09T07:35:20.555+00:00",
  "location" : "Mapletown",
  "_links" : {
    "self" : {
      "href" : "http://10.10.2.73:8080/libraries/31"
    },
    "library" : {
      "href" : "http://10.10.2.73:8080/libraries/31"
    }
  }
}
Delete Status Code: 200
  &amp#27;[32mWhen &amp#27;[0m&amp#27;[32mDelete Library with ID&amp#27;[0m                 &amp#27;[90m# library.LibrariesAPI.delete_Library_with_ID()&amp#27;[0m
  &amp#27;[32mThen &amp#27;[0m&amp#27;[32mthe response status code should be &amp#27;[0m&amp#27;[32m&amp#27;[1m200&amp#27;[0m &amp#27;[90m# library.LibrariesAPI.the_response_status_code_should_be(java.lang.Integer)&amp#27;[0m
[ExtentListener] Finished scenario: Deleting Library details
]]></system-out>
  </testcase>
</testsuite>